<?xml version="1.0" encoding="UTF-8"?>
<!-- Generated by org.testng.reporters.JUnitReportReporter -->
<testsuite hostname="LAPTOP-7D4JOF4H" failures="0" tests="2" name="org.selenium.commands.ObsquraZoneTest" time="19.998" errors="0" timestamp="2024-03-21T11:22:10 IST" skipped="0">
  <testcase classname="org.selenium.commands.ObsquraZoneTest" name="verifyTwoInputFields" time="10.014"/>
  <system-out/>
  <testcase classname="org.selenium.commands.ObsquraZoneTest" name="verifySimpleInputField" time="9.984"/>
  <system-out/>
</testsuite> <!-- org.selenium.commands.ObsquraZoneTest -->
