<?xml version="1.0" encoding="UTF-8"?>
<!-- Generated by org.testng.reporters.JUnitReportReporter -->
<testsuite hostname="LAPTOP-7D4JOF4H" failures="0" tests="1" name="test.HomePageTest" time="36.318" errors="0" timestamp="2024-03-27T11:18:44 IST" skipped="0">
  <testcase classname="test.HomePageTest" name="verifyHomePageTitle" time="36.318"/>
  <system-out/>
</testsuite> <!-- test.HomePageTest -->
