<?xml version="1.0" encoding="UTF-8"?>
<!-- Generated by org.testng.reporters.JUnitReportReporter -->
<testsuite hostname="LAPTOP-7D4JOF4H" failures="0" tests="2" name="test.HomePageTest" time="14.375" errors="0" timestamp="2024-04-16T10:19:41 IST" skipped="0">
  <testcase classname="test.HomePageTest" name="verifyHomePageTitle" time="6.653"/>
  <system-out/>
  <testcase classname="test.HomePageTest" name="verifyCommunityPollSelection" time="7.722"/>
  <system-out/>
</testsuite> <!-- test.HomePageTest -->
