<?xml version="1.0" encoding="UTF-8"?>
<!-- Generated by org.testng.reporters.JUnitReportReporter -->
<testsuite hostname="LAPTOP-7D4JOF4H" failures="0" tests="5" name="test.LoginPageTest" time="30.141" errors="0" timestamp="2024-04-16T10:19:41 IST" skipped="1">
  <testcase classname="test.LoginPageTest" name="verifyLoginPageTitle" time="6.984"/>
  <system-out/>
  <testcase classname="test.LoginPageTest" name="verifyUserLoginWithInvalidCredentials" time="7.419"/>
  <system-out/>
  <testcase classname="test.LoginPageTest" name="verifyUserLoginWithInvalidCredentials" time="6.972"/>
  <system-out/>
  <testcase classname="test.LoginPageTest" name="verifyUserLoginWithInvalidCredentials" time="8.766"/>
  <system-out/>
  <testcase classname="test.LoginPageTest" name="verifyUserLogin">
    <skipped/>
  </testcase> <!-- verifyUserLogin -->
  <system-out/>
</testsuite> <!-- test.LoginPageTest -->
