<?xml version="1.0" encoding="UTF-8"?>
<!-- Generated by org.testng.reporters.JUnitReportReporter -->
<testsuite hostname="LAPTOP-7D4JOF4H" failures="0" tests="1" name="org.selenium.commands.Commands" time="21.243" errors="0" timestamp="2024-03-25T12:02:04 IST" skipped="0">
  <testcase classname="org.selenium.commands.Commands" name="verifyCommunityPoll" time="21.243"/>
  <system-out/>
</testsuite> <!-- org.selenium.commands.Commands -->
