<?xml version="1.0" encoding="UTF-8"?>
<!-- Generated by org.testng.reporters.JUnitReportReporter -->
<testsuite hostname="LAPTOP-7D4JOF4H" failures="0" tests="4" name="test.RegistrationPageTest" time="39.136" errors="0" timestamp="2024-04-16T10:36:58 IST" skipped="2">
  <testcase classname="test.RegistrationPageTest" name="verifyUserRegister" time="16.004"/>
  <system-out/>
  <testcase classname="test.RegistrationPageTest" name="verifyUserRegister" time="23.132"/>
  <system-out/>
  <testcase classname="test.RegistrationPageTest" name="verifyRegisterPageTitle">
    <skipped/>
  </testcase> <!-- verifyRegisterPageTitle -->
  <system-out/>
  <testcase classname="test.RegistrationPageTest" name="verifyRegisterPageTitle">
    <skipped/>
  </testcase> <!-- verifyRegisterPageTitle -->
  <system-out/>
</testsuite> <!-- test.RegistrationPageTest -->
